<?xml version="1.0" encoding="UTF-8"?>
<!-- Generated by org.testng.reporters.JUnitReportReporter -->
<testsuite hostname="P5RO-PORT885.local" name="com.websyndic.front.tests.ValidateCommentFunctionality" tests="1" failures="0" timestamp="2 Apr 2018 08:38:12 GMT" time="40.912" errors="0">
  <testcase name="validateCommentFunctionality" time="40.912" classname="com.websyndic.front.tests.ValidateCommentFunctionality"/>
</testsuite> <!-- com.websyndic.front.tests.ValidateCommentFunctionality -->
