<?xml version="1.0" encoding="UTF-8"?>
<!-- Generated by org.testng.reporters.JUnitReportReporter -->
<testsuite hostname="P5RO-PORT885.local" name="com.websyndic.front.tests.ValidateSubscribeFunctionality" tests="1" failures="0" timestamp="2 Apr 2018 08:39:11 GMT" time="40.352" errors="0">
  <testcase name="validateQuestionCreateFunctionality" time="40.352" classname="com.websyndic.front.tests.ValidateSubscribeFunctionality"/>
</testsuite> <!-- com.websyndic.front.tests.ValidateSubscribeFunctionality -->
