<?xml version="1.0" encoding="UTF-8"?>
<!-- Generated by org.testng.reporters.JUnitReportReporter -->
<testsuite hostname="P5RO-PORT885.local" name="com.websyndic.admin.ecommerce.tests.FrontUserCanAddProductToCart" tests="1" failures="0" timestamp="13 Apr 2018 13:55:35 GMT" time="11.439" errors="0">
  <testcase name="frontUserCanAddProductToCart" time="11.439" classname="com.websyndic.admin.ecommerce.tests.FrontUserCanAddProductToCart"/>
</testsuite> <!-- com.websyndic.admin.ecommerce.tests.FrontUserCanAddProductToCart -->
