<?xml version="1.0" encoding="UTF-8"?>
<!-- Generated by org.testng.reporters.JUnitReportReporter -->
<testsuite hostname="P5RO-PORT885.local" name="com.websyndic.admin.tests.AdminQuestionApprove" tests="1" failures="0" timestamp="2 Apr 2018 08:54:47 GMT" time="30.150" errors="0">
  <testcase name="validateLoginFunctionality" time="30.150" classname="com.websyndic.admin.tests.AdminQuestionApprove"/>
</testsuite> <!-- com.websyndic.admin.tests.AdminQuestionApprove -->
