<?xml version="1.0" encoding="UTF-8"?>
<!-- Generated by org.testng.reporters.JUnitReportReporter -->
<testsuite hostname="P5RO-PORT885.local" name="com.websyndic.front.tests.ValidateLoginFunctionality" tests="1" failures="0" timestamp="2 Apr 2018 08:36:09 GMT" time="37.585" errors="0">
  <testcase name="validateLoginFunctionality" time="37.585" classname="com.websyndic.front.tests.ValidateLoginFunctionality"/>
</testsuite> <!-- com.websyndic.front.tests.ValidateLoginFunctionality -->
