<?xml version="1.0" encoding="UTF-8"?>
<!-- Generated by org.testng.reporters.JUnitReportReporter -->
<testsuite hostname="P5RO-PORT885.local" name="com.websyndic.front.tests.ValidateCreteaQuestionFunctionality" tests="1" failures="0" timestamp="2 Apr 2018 08:37:17 GMT" time="54.462" errors="0">
  <testcase name="validateQuestionCreateFunctionality" time="54.462" classname="com.websyndic.front.tests.ValidateCreteaQuestionFunctionality"/>
</testsuite> <!-- com.websyndic.front.tests.ValidateCreteaQuestionFunctionality -->
