<?xml version="1.0" encoding="UTF-8"?>
<!-- Generated by org.testng.reporters.JUnitReportReporter -->
<testsuite hostname="P5RO-PORT885.local" name="com.websyndic.admin.tests.AdminQuestionCommentApprove" tests="1" failures="0" timestamp="2 Apr 2018 08:55:24 GMT" time="26.841" errors="0">
  <testcase name="validateLoginFunctionality" time="26.841" classname="com.websyndic.admin.tests.AdminQuestionCommentApprove"/>
</testsuite> <!-- com.websyndic.admin.tests.AdminQuestionCommentApprove -->
