<?xml version="1.0" encoding="UTF-8"?>
<!-- Generated by org.testng.reporters.JUnitReportReporter -->
<testsuite hostname="PCT.local" name="com.websyndic.tests.VerifyWebsyndicLogin" tests="1" failures="0" timestamp="28 Feb 2018 15:30:15 GMT" time="19.122" errors="0">
  <testcase name="verifyValidLogin" time="19.122" classname="com.websyndic.tests.VerifyWebsyndicLogin"/>
</testsuite> <!-- com.websyndic.tests.VerifyWebsyndicLogin -->
