<?xml version="1.0" encoding="UTF-8"?>
<!-- Generated by org.testng.reporters.JUnitReportReporter -->
<testsuite hostname="P5RO-PORT885.local" name="com.websyndic.admin.ecommerce.tests.AdminEcommerceCreateServiceComp" tests="1" failures="0" timestamp="2 Apr 2018 09:01:15 GMT" time="9.641" errors="0">
  <testcase name="addNewService" time="9.641" classname="com.websyndic.admin.ecommerce.tests.AdminEcommerceCreateServiceComp"/>
</testsuite> <!-- com.websyndic.admin.ecommerce.tests.AdminEcommerceCreateServiceComp -->
