<?xml version="1.0" encoding="UTF-8"?>
<!-- Generated by org.testng.reporters.JUnitReportReporter -->
<testsuite hostname="PCT.local" name="com.websyndic.tests.ValidateLoginFunctionality" tests="1" failures="0" timestamp="2 Mar 2018 15:51:35 GMT" time="27.511" errors="0">
  <testcase name="validateLoginFunctionality" time="27.511" classname="com.websyndic.tests.ValidateLoginFunctionality"/>
</testsuite> <!-- com.websyndic.tests.ValidateLoginFunctionality -->
