<?xml version="1.0" encoding="UTF-8"?>
<!-- Generated by org.testng.reporters.JUnitReportReporter -->
<testsuite hostname="P5RO-PORT885.local" name="com.websyndic.admin.tests.AdminEleBasTagsCreate" tests="1" failures="0" timestamp="2 Apr 2018 08:53:41 GMT" time="30.317" errors="0">
  <testcase name="validateLoginFunctionality" time="30.317" classname="com.websyndic.admin.tests.AdminEleBasTagsCreate"/>
</testsuite> <!-- com.websyndic.admin.tests.AdminEleBasTagsCreate -->
