<?xml version="1.0" encoding="UTF-8"?>
<!-- Generated by org.testng.reporters.JUnitReportReporter -->
<testsuite hostname="P5RO-PORT885.local" name="com.websyndic.admin.tests.AdminEleBasAuteurCreate" tests="1" failures="0" timestamp="2 Apr 2018 08:51:27 GMT" time="47.394" errors="0">
  <testcase name="validateLoginFunctionality" time="47.394" classname="com.websyndic.admin.tests.AdminEleBasAuteurCreate"/>
</testsuite> <!-- com.websyndic.admin.tests.AdminEleBasAuteurCreate -->
