<?xml version="1.0" encoding="UTF-8"?>
<!-- Generated by org.testng.reporters.JUnitReportReporter -->
<testsuite hostname="P5RO-PORT885.local" name="com.websyndic.admin.tests.AdminCreateQuestion" tests="1" failures="0" timestamp="2 Apr 2018 08:50:30 GMT" time="27.687" errors="0">
  <testcase name="validateLoginFunctionality" time="27.687" classname="com.websyndic.admin.tests.AdminCreateQuestion"/>
</testsuite> <!-- com.websyndic.admin.tests.AdminCreateQuestion -->
