<?xml version="1.0" encoding="UTF-8"?>
<!-- Generated by org.testng.reporters.JUnitReportReporter -->
<testsuite hostname="PCT.local" name="com.websyndic.tests.ValidateSubscribeFunctionality" tests="1" failures="0" timestamp="2 Mar 2018 11:22:02 GMT" time="12.702" errors="0">
  <testcase name="validateQuestionCreateFunctionality" time="12.702" classname="com.websyndic.tests.ValidateSubscribeFunctionality"/>
</testsuite> <!-- com.websyndic.tests.ValidateSubscribeFunctionality -->
