<?xml version="1.0" encoding="UTF-8"?>
<!-- Generated by org.testng.reporters.JUnitReportReporter -->
<testsuite hostname="P5RO-PORT885.local" name="com.websyndic.admin.tests.AdminEleBasCategoriesCreate" tests="1" failures="0" timestamp="2 Apr 2018 08:52:15 GMT" time="37.454" errors="0">
  <testcase name="validateLoginFunctionality" time="37.454" classname="com.websyndic.admin.tests.AdminEleBasCategoriesCreate"/>
</testsuite> <!-- com.websyndic.admin.tests.AdminEleBasCategoriesCreate -->
