<?xml version="1.0" encoding="UTF-8"?>
<!-- Generated by org.testng.reporters.JUnitReportReporter -->
<testsuite hostname="P5RO-PORT885.local" name="com.websyndic.admin.ecommerce.tests.AdminEcommerceCreateCupons" tests="1" failures="0" timestamp="2 Apr 2018 08:59:17 GMT" time="11.227" errors="0">
  <testcase name="addNewCupon" time="11.227" classname="com.websyndic.admin.ecommerce.tests.AdminEcommerceCreateCupons"/>
</testsuite> <!-- com.websyndic.admin.ecommerce.tests.AdminEcommerceCreateCupons -->
