<?xml version="1.0" encoding="UTF-8"?>
<!-- Generated by org.testng.reporters.JUnitReportReporter -->
<testsuite hostname="PCT.local" name="com.websyndic.tests.ValidateCommentFunctionality" tests="1" failures="0" timestamp="2 Mar 2018 12:02:51 GMT" time="12.192" errors="0">
  <testcase name="validateCommentFunctionality" time="12.192" classname="com.websyndic.tests.ValidateCommentFunctionality"/>
</testsuite> <!-- com.websyndic.tests.ValidateCommentFunctionality -->
