<?xml version="1.0" encoding="UTF-8"?>
<!-- Generated by org.testng.reporters.JUnitReportReporter -->
<testsuite hostname="P5RO-PORT885.local" name="com.websyndic.admin.ecommerce.tests.AdminEcommerceCreateService" tests="1" failures="0" timestamp="2 Apr 2018 09:00:43 GMT" time="8.119" errors="0">
  <testcase name="addNewService" time="8.119" classname="com.websyndic.admin.ecommerce.tests.AdminEcommerceCreateService"/>
</testsuite> <!-- com.websyndic.admin.ecommerce.tests.AdminEcommerceCreateService -->
