<?xml version="1.0" encoding="UTF-8"?>
<!-- Generated by org.testng.reporters.JUnitReportReporter -->
<testsuite hostname="PCT.local" name="com.websyndic.tests.GenerateReport" tests="1" failures="0" timestamp="28 Feb 2018 15:36:42 GMT" time="21.123" errors="0">
  <testcase name="testApp_1" time="21.123" classname="com.websyndic.tests.GenerateReport"/>
</testsuite> <!-- com.websyndic.tests.GenerateReport -->
