<?xml version="1.0" encoding="UTF-8"?>
<!-- Generated by org.testng.reporters.JUnitReportReporter -->
<testsuite hostname="PCT.local" name="com.websyndic.tests.ValidateCreteaQuestionFunctionality" tests="1" failures="0" timestamp="2 Mar 2018 11:21:35 GMT" time="12.908" errors="0">
  <testcase name="validateQuestionCreateFunctionality" time="12.908" classname="com.websyndic.tests.ValidateCreteaQuestionFunctionality"/>
</testsuite> <!-- com.websyndic.tests.ValidateCreteaQuestionFunctionality -->
