<?xml version="1.0" encoding="UTF-8"?>
<!-- Generated by org.testng.reporters.JUnitReportReporter -->
<testsuite hostname="P5RO-PORT885.local" name="com.websyndic.admin.tests.AdminQuestionCommentCreate" tests="1" failures="0" timestamp="2 Apr 2018 08:56:36 GMT" time="25.140" errors="0">
  <testcase name="validateLoginFunctionality" time="25.140" classname="com.websyndic.admin.tests.AdminQuestionCommentCreate"/>
</testsuite> <!-- com.websyndic.admin.tests.AdminQuestionCommentCreate -->
