<?xml version="1.0" encoding="UTF-8"?>
<!-- Generated by org.testng.reporters.JUnitReportReporter -->
<testsuite hostname="P5RO-PORT885.local" name="com.websyndic.admin.tests.AdminCreateArticle" tests="1" failures="0" timestamp="2 Apr 2018 08:49:47 GMT" time="27.323" errors="0">
  <testcase name="validateLoginFunctionality" time="27.323" classname="com.websyndic.admin.tests.AdminCreateArticle"/>
</testsuite> <!-- com.websyndic.admin.tests.AdminCreateArticle -->
