<?xml version="1.0" encoding="UTF-8"?>
<!-- Generated by org.testng.reporters.JUnitReportReporter -->
<testsuite hostname="P5RO-PORT885.local" name="com.websyndic.basic.VerifyWebsyndicLogin" tests="1" failures="0" timestamp="14 Aug 2018 12:29:20 GMT" time="17.083" errors="0">
  <testcase name="verifyValidLogin" time="17.083" classname="com.websyndic.basic.VerifyWebsyndicLogin"/>
</testsuite> <!-- com.websyndic.basic.VerifyWebsyndicLogin -->
