<?xml version="1.0" encoding="UTF-8"?>
<!-- Generated by org.testng.reporters.JUnitReportReporter -->
<testsuite hostname="P5RO-PORT885.local" name="com.websyndic.admin.ecommerce.tests.AdminEcommerceCreateProduct" tests="1" failures="0" timestamp="10 Apr 2018 16:51:09 GMT" time="30.176" errors="0">
  <testcase name="addNewProduct" time="30.176" classname="com.websyndic.admin.ecommerce.tests.AdminEcommerceCreateProduct"/>
</testsuite> <!-- com.websyndic.admin.ecommerce.tests.AdminEcommerceCreateProduct -->
